Loop: 0
Remaining Free Memory: 47845 MB
[0:16:15.496653221] [3158]  INFO Camera camera_manager.cpp:340 libcamera v0.7.0+rpt20260205
[0:16:16.007337127] [3161]  INFO IPAProxy ipa_proxy.cpp:180 Using tuning file /usr/share/libcamera/ipa/rpi/vc4/imx708.json
[0:16:16.032887752] [3161]  INFO Camera camera_manager.cpp:223 Adding camera '/base/soc/i2c0mux/i2c@1/imx708@1a' for pipeline handler rpi/vc4
[0:16:16.033071606] [3161]  INFO RPI vc4.cpp:445 Registered camera /base/soc/i2c0mux/i2c@1/imx708@1a to Unicam device /dev/media3 and ISP device /dev/media0
[0:16:16.033174627] [3161]  INFO RPI pipeline_base.cpp:1117 Using configuration file '/usr/share/libcamera/pipeline/rpi/vc4/rpi_apps.yaml'
Mode selection for 640:480:12:P
    SRGGB10_CSI2P,1536x864/0 - Score: 1486.67
    SRGGB10_CSI2P,2304x1296/0 - Score: 1786.67
    SRGGB10_CSI2P,4608x2592/0 - Score: 2686.67
[0:16:16.613754054] [3158]  INFO Camera camera.cpp:1215 configuring streams: (0) 640x480-YUV420/SMPTE170M (1) 1536x864-SBGGR10_CSI2P/RAW
[0:16:16.614776658] [3161]  INFO RPI vc4.cpp:620 Sensor: /base/soc/i2c0mux/i2c@1/imx708@1a - Selected sensor format: 1536x864-SBGGR10_1X10/RAW - Selected unicam format: 1536x864-pBAA/RAW
Cataloging data files
Loop: 1
Remaining Free Memory: 47842 MB
[0:17:15.922393511] [3614]  INFO Camera camera_manager.cpp:340 libcamera v0.7.0+rpt20260205
[0:17:16.308266375] [3617]  INFO IPAProxy ipa_proxy.cpp:180 Using tuning file /usr/share/libcamera/ipa/rpi/vc4/imx708.json
[0:17:16.328710698] [3617]  INFO Camera camera_manager.cpp:223 Adding camera '/base/soc/i2c0mux/i2c@1/imx708@1a' for pipeline handler rpi/vc4
[0:17:16.329049344] [3617]  INFO RPI vc4.cpp:445 Registered camera /base/soc/i2c0mux/i2c@1/imx708@1a to Unicam device /dev/media3 and ISP device /dev/media0
[0:17:16.329170385] [3617]  INFO RPI pipeline_base.cpp:1117 Using configuration file '/usr/share/libcamera/pipeline/rpi/vc4/rpi_apps.yaml'
Mode selection for 640:480:12:P
    SRGGB10_CSI2P,1536x864/0 - Score: 1486.67
    SRGGB10_CSI2P,2304x1296/0 - Score: 1786.67
    SRGGB10_CSI2P,4608x2592/0 - Score: 2686.67
[0:17:16.712522833] [3614]  INFO Camera camera.cpp:1215 configuring streams: (0) 640x480-YUV420/SMPTE170M (1) 1536x864-SBGGR10_CSI2P/RAW
[0:17:16.713187937] [3617]  INFO RPI vc4.cpp:620 Sensor: /base/soc/i2c0mux/i2c@1/imx708@1a - Selected sensor format: 1536x864-SBGGR10_1X10/RAW - Selected unicam format: 1536x864-pBAA/RAW
Cataloging data files
Done
